<?xml version="1.0" encoding="UTF-8"?>
<testsuite xmlns:xsi="http://www.w3.org/2001/XMLSchema-instance" xsi:noNamespaceSchemaLocation="https://maven.apache.org/surefire/maven-surefire-plugin/xsd/surefire-test-report-3.0.xsd" version="3.0" name="TestSuite" time="8.984" tests="4" errors="0" skipped="0" failures="0">
  <properties>
    <property name="java.specification.version" value="17"/>
    <property name="sun.cpu.isalist" value="amd64"/>
    <property name="sun.jnu.encoding" value="Cp1252"/>
    <property name="java.class.path" value="C:\Users\LENOVO\eclipse-workspace\PetStoreAutomation\target\test-classes;C:\Users\LENOVO\eclipse-workspace\PetStoreAutomation\target\classes;C:\Users\LENOVO\.m2\repository\io\rest-assured\rest-assured\5.4.0\rest-assured-5.4.0.jar;C:\Users\LENOVO\.m2\repository\org\apache\groovy\groovy\4.0.16\groovy-4.0.16.jar;C:\Users\LENOVO\.m2\repository\org\apache\groovy\groovy-xml\4.0.16\groovy-xml-4.0.16.jar;C:\Users\LENOVO\.m2\repository\org\apache\httpcomponents\httpclient\4.5.13\httpclient-4.5.13.jar;C:\Users\LENOVO\.m2\repository\org\apache\httpcomponents\httpcore\4.4.13\httpcore-4.4.13.jar;C:\Users\LENOVO\.m2\repository\commons-logging\commons-logging\1.2\commons-logging-1.2.jar;C:\Users\LENOVO\.m2\repository\org\apache\httpcomponents\httpmime\4.5.13\httpmime-4.5.13.jar;C:\Users\LENOVO\.m2\repository\org\hamcrest\hamcrest\2.2\hamcrest-2.2.jar;C:\Users\LENOVO\.m2\repository\org\ccil\cowan\tagsoup\tagsoup\1.2.1\tagsoup-1.2.1.jar;C:\Users\LENOVO\.m2\repository\io\rest-assured\xml-path\5.4.0\xml-path-5.4.0.jar;C:\Users\LENOVO\.m2\repository\io\rest-assured\json-path\5.4.0\json-path-5.4.0.jar;C:\Users\LENOVO\.m2\repository\org\apache\groovy\groovy-json\4.0.16\groovy-json-4.0.16.jar;C:\Users\LENOVO\.m2\repository\io\rest-assured\rest-assured-common\5.4.0\rest-assured-common-5.4.0.jar;C:\Users\LENOVO\.m2\repository\org\json\json\20231013\json-20231013.jar;C:\Users\LENOVO\.m2\repository\com\google\code\gson\gson\2.8.9\gson-2.8.9.jar;C:\Users\LENOVO\.m2\repository\org\testng\testng\7.7.1\testng-7.7.1.jar;C:\Users\LENOVO\.m2\repository\org\slf4j\slf4j-api\1.7.36\slf4j-api-1.7.36.jar;C:\Users\LENOVO\.m2\repository\com\beust\jcommander\1.82\jcommander-1.82.jar;C:\Users\LENOVO\.m2\repository\org\webjars\jquery\3.6.1\jquery-3.6.1.jar;C:\Users\LENOVO\.m2\repository\com\github\scribejava\scribejava-apis\8.3.1\scribejava-apis-8.3.1.jar;C:\Users\LENOVO\.m2\repository\com\github\scribejava\scribejava-core\8.3.1\scribejava-core-8.3.1.jar;C:\Users\LENOVO\.m2\repository\com\github\scribejava\scribejava-java8\8.3.1\scribejava-java8-8.3.1.jar;C:\Users\LENOVO\.m2\repository\com\fasterxml\jackson\core\jackson-databind\2.12.3\jackson-databind-2.12.3.jar;C:\Users\LENOVO\.m2\repository\com\fasterxml\jackson\core\jackson-annotations\2.12.3\jackson-annotations-2.12.3.jar;C:\Users\LENOVO\.m2\repository\com\fasterxml\jackson\core\jackson-core\2.12.3\jackson-core-2.12.3.jar;C:\Users\LENOVO\.m2\repository\io\rest-assured\json-schema-validator\5.4.0\json-schema-validator-5.4.0.jar;C:\Users\LENOVO\.m2\repository\com\github\java-json-tools\json-schema-validator\2.2.14\json-schema-validator-2.2.14.jar;C:\Users\LENOVO\.m2\repository\com\github\java-json-tools\jackson-coreutils-equivalence\1.0\jackson-coreutils-equivalence-1.0.jar;C:\Users\LENOVO\.m2\repository\com\github\java-json-tools\jackson-coreutils\2.0\jackson-coreutils-2.0.jar;C:\Users\LENOVO\.m2\repository\com\github\java-json-tools\msg-simple\1.2\msg-simple-1.2.jar;C:\Users\LENOVO\.m2\repository\com\github\java-json-tools\btf\1.3\btf-1.3.jar;C:\Users\LENOVO\.m2\repository\com\github\java-json-tools\json-schema-core\1.2.14\json-schema-core-1.2.14.jar;C:\Users\LENOVO\.m2\repository\com\github\java-json-tools\uri-template\0.10\uri-template-0.10.jar;C:\Users\LENOVO\.m2\repository\org\mozilla\rhino\1.7.7.2\rhino-1.7.7.2.jar;C:\Users\LENOVO\.m2\repository\com\sun\mail\mailapi\1.6.2\mailapi-1.6.2.jar;C:\Users\LENOVO\.m2\repository\joda-time\joda-time\2.10.5\joda-time-2.10.5.jar;C:\Users\LENOVO\.m2\repository\com\googlecode\libphonenumber\libphonenumber\8.11.1\libphonenumber-8.11.1.jar;C:\Users\LENOVO\.m2\repository\com\google\code\findbugs\jsr305\3.0.2\jsr305-3.0.2.jar;C:\Users\LENOVO\.m2\repository\net\sf\jopt-simple\jopt-simple\5.0.4\jopt-simple-5.0.4.jar;C:\Users\LENOVO\.m2\repository\com\google\guava\guava\32.0.1-jre\guava-32.0.1-jre.jar;C:\Users\LENOVO\.m2\repository\com\google\guava\failureaccess\1.0.1\failureaccess-1.0.1.jar;C:\Users\LENOVO\.m2\repository\com\google\guava\listenablefuture\9999.0-empty-to-avoid-conflict-with-guava\listenablefuture-9999.0-empty-to-avoid-conflict-with-guava.jar;C:\Users\LENOVO\.m2\repository\org\checkerframework\checker-qual\3.33.0\checker-qual-3.33.0.jar;C:\Users\LENOVO\.m2\repository\com\google\errorprone\error_prone_annotations\2.18.0\error_prone_annotations-2.18.0.jar;C:\Users\LENOVO\.m2\repository\com\google\j2objc\j2objc-annotations\2.8\j2objc-annotations-2.8.jar;C:\Users\LENOVO\.m2\repository\com\github\javafaker\javafaker\1.0.2\javafaker-1.0.2.jar;C:\Users\LENOVO\.m2\repository\org\apache\commons\commons-lang3\3.5\commons-lang3-3.5.jar;C:\Users\LENOVO\.m2\repository\org\yaml\snakeyaml\1.23\snakeyaml-1.23-android.jar;C:\Users\LENOVO\.m2\repository\com\github\mifmif\generex\1.0.2\generex-1.0.2.jar;C:\Users\LENOVO\.m2\repository\dk\brics\automaton\automaton\1.11-8\automaton-1.11-8.jar;C:\Users\LENOVO\.m2\repository\com\aventstack\extentreports\5.0.9\extentreports-5.0.9.jar;C:\Users\LENOVO\.m2\repository\io\reactivex\rxjava3\rxjava\3.0.4\rxjava-3.0.4.jar;C:\Users\LENOVO\.m2\repository\org\reactivestreams\reactive-streams\1.0.3\reactive-streams-1.0.3.jar;C:\Users\LENOVO\.m2\repository\org\freemarker\freemarker\2.3.30\freemarker-2.3.30.jar;C:\Users\LENOVO\.m2\repository\org\projectlombok\lombok\1.18.12\lombok-1.18.12.jar;C:\Users\LENOVO\.m2\repository\org\apache\poi\poi\5.2.3\poi-5.2.3.jar;C:\Users\LENOVO\.m2\repository\commons-codec\commons-codec\1.15\commons-codec-1.15.jar;C:\Users\LENOVO\.m2\repository\org\apache\commons\commons-collections4\4.4\commons-collections4-4.4.jar;C:\Users\LENOVO\.m2\repository\org\apache\commons\commons-math3\3.6.1\commons-math3-3.6.1.jar;C:\Users\LENOVO\.m2\repository\commons-io\commons-io\2.11.0\commons-io-2.11.0.jar;C:\Users\LENOVO\.m2\repository\com\zaxxer\SparseBitSet\1.2\SparseBitSet-1.2.jar;C:\Users\LENOVO\.m2\repository\org\apache\logging\log4j\log4j-api\2.18.0\log4j-api-2.18.0.jar;C:\Users\LENOVO\.m2\repository\org\apache\poi\poi-ooxml\5.2.3\poi-ooxml-5.2.3.jar;C:\Users\LENOVO\.m2\repository\org\apache\poi\poi-ooxml-lite\5.2.3\poi-ooxml-lite-5.2.3.jar;C:\Users\LENOVO\.m2\repository\org\apache\xmlbeans\xmlbeans\5.1.1\xmlbeans-5.1.1.jar;C:\Users\LENOVO\.m2\repository\org\apache\commons\commons-compress\1.21\commons-compress-1.21.jar;C:\Users\LENOVO\.m2\repository\com\github\virtuald\curvesapi\1.07\curvesapi-1.07.jar;C:\Users\LENOVO\.m2\repository\log4j\log4j\1.2.17\log4j-1.2.17.jar;"/>
    <property name="java.vm.vendor" value="Oracle Corporation"/>
    <property name="sun.arch.data.model" value="64"/>
    <property name="user.variant" value=""/>
    <property name="java.vendor.url" value="https://java.oracle.com/"/>
    <property name="user.timezone" value="Asia/Calcutta"/>
    <property name="os.name" value="Windows 11"/>
    <property name="java.vm.specification.version" value="17"/>
    <property name="sun.java.launcher" value="SUN_STANDARD"/>
    <property name="user.country" value="US"/>
    <property name="sun.boot.library.path" value="C:\Program Files\Java\jdk-17\bin"/>
    <property name="sun.java.command" value="C:\Users\LENOVO\AppData\Local\Temp\surefire4118661558195139236\surefirebooter-20240406092807341_3.jar C:\Users\LENOVO\AppData\Local\Temp\surefire4118661558195139236 2024-04-06T09-28-04_863-jvmRun1 surefire-20240406092807341_1tmp surefire_0-20240406092807341_2tmp"/>
    <property name="jdk.debug" value="release"/>
    <property name="surefire.test.class.path" value="C:\Users\LENOVO\eclipse-workspace\PetStoreAutomation\target\test-classes;C:\Users\LENOVO\eclipse-workspace\PetStoreAutomation\target\classes;C:\Users\LENOVO\.m2\repository\io\rest-assured\rest-assured\5.4.0\rest-assured-5.4.0.jar;C:\Users\LENOVO\.m2\repository\org\apache\groovy\groovy\4.0.16\groovy-4.0.16.jar;C:\Users\LENOVO\.m2\repository\org\apache\groovy\groovy-xml\4.0.16\groovy-xml-4.0.16.jar;C:\Users\LENOVO\.m2\repository\org\apache\httpcomponents\httpclient\4.5.13\httpclient-4.5.13.jar;C:\Users\LENOVO\.m2\repository\org\apache\httpcomponents\httpcore\4.4.13\httpcore-4.4.13.jar;C:\Users\LENOVO\.m2\repository\commons-logging\commons-logging\1.2\commons-logging-1.2.jar;C:\Users\LENOVO\.m2\repository\org\apache\httpcomponents\httpmime\4.5.13\httpmime-4.5.13.jar;C:\Users\LENOVO\.m2\repository\org\hamcrest\hamcrest\2.2\hamcrest-2.2.jar;C:\Users\LENOVO\.m2\repository\org\ccil\cowan\tagsoup\tagsoup\1.2.1\tagsoup-1.2.1.jar;C:\Users\LENOVO\.m2\repository\io\rest-assured\xml-path\5.4.0\xml-path-5.4.0.jar;C:\Users\LENOVO\.m2\repository\io\rest-assured\json-path\5.4.0\json-path-5.4.0.jar;C:\Users\LENOVO\.m2\repository\org\apache\groovy\groovy-json\4.0.16\groovy-json-4.0.16.jar;C:\Users\LENOVO\.m2\repository\io\rest-assured\rest-assured-common\5.4.0\rest-assured-common-5.4.0.jar;C:\Users\LENOVO\.m2\repository\org\json\json\20231013\json-20231013.jar;C:\Users\LENOVO\.m2\repository\com\google\code\gson\gson\2.8.9\gson-2.8.9.jar;C:\Users\LENOVO\.m2\repository\org\testng\testng\7.7.1\testng-7.7.1.jar;C:\Users\LENOVO\.m2\repository\org\slf4j\slf4j-api\1.7.36\slf4j-api-1.7.36.jar;C:\Users\LENOVO\.m2\repository\com\beust\jcommander\1.82\jcommander-1.82.jar;C:\Users\LENOVO\.m2\repository\org\webjars\jquery\3.6.1\jquery-3.6.1.jar;C:\Users\LENOVO\.m2\repository\com\github\scribejava\scribejava-apis\8.3.1\scribejava-apis-8.3.1.jar;C:\Users\LENOVO\.m2\repository\com\github\scribejava\scribejava-core\8.3.1\scribejava-core-8.3.1.jar;C:\Users\LENOVO\.m2\repository\com\github\scribejava\scribejava-java8\8.3.1\scribejava-java8-8.3.1.jar;C:\Users\LENOVO\.m2\repository\com\fasterxml\jackson\core\jackson-databind\2.12.3\jackson-databind-2.12.3.jar;C:\Users\LENOVO\.m2\repository\com\fasterxml\jackson\core\jackson-annotations\2.12.3\jackson-annotations-2.12.3.jar;C:\Users\LENOVO\.m2\repository\com\fasterxml\jackson\core\jackson-core\2.12.3\jackson-core-2.12.3.jar;C:\Users\LENOVO\.m2\repository\io\rest-assured\json-schema-validator\5.4.0\json-schema-validator-5.4.0.jar;C:\Users\LENOVO\.m2\repository\com\github\java-json-tools\json-schema-validator\2.2.14\json-schema-validator-2.2.14.jar;C:\Users\LENOVO\.m2\repository\com\github\java-json-tools\jackson-coreutils-equivalence\1.0\jackson-coreutils-equivalence-1.0.jar;C:\Users\LENOVO\.m2\repository\com\github\java-json-tools\jackson-coreutils\2.0\jackson-coreutils-2.0.jar;C:\Users\LENOVO\.m2\repository\com\github\java-json-tools\msg-simple\1.2\msg-simple-1.2.jar;C:\Users\LENOVO\.m2\repository\com\github\java-json-tools\btf\1.3\btf-1.3.jar;C:\Users\LENOVO\.m2\repository\com\github\java-json-tools\json-schema-core\1.2.14\json-schema-core-1.2.14.jar;C:\Users\LENOVO\.m2\repository\com\github\java-json-tools\uri-template\0.10\uri-template-0.10.jar;C:\Users\LENOVO\.m2\repository\org\mozilla\rhino\1.7.7.2\rhino-1.7.7.2.jar;C:\Users\LENOVO\.m2\repository\com\sun\mail\mailapi\1.6.2\mailapi-1.6.2.jar;C:\Users\LENOVO\.m2\repository\joda-time\joda-time\2.10.5\joda-time-2.10.5.jar;C:\Users\LENOVO\.m2\repository\com\googlecode\libphonenumber\libphonenumber\8.11.1\libphonenumber-8.11.1.jar;C:\Users\LENOVO\.m2\repository\com\google\code\findbugs\jsr305\3.0.2\jsr305-3.0.2.jar;C:\Users\LENOVO\.m2\repository\net\sf\jopt-simple\jopt-simple\5.0.4\jopt-simple-5.0.4.jar;C:\Users\LENOVO\.m2\repository\com\google\guava\guava\32.0.1-jre\guava-32.0.1-jre.jar;C:\Users\LENOVO\.m2\repository\com\google\guava\failureaccess\1.0.1\failureaccess-1.0.1.jar;C:\Users\LENOVO\.m2\repository\com\google\guava\listenablefuture\9999.0-empty-to-avoid-conflict-with-guava\listenablefuture-9999.0-empty-to-avoid-conflict-with-guava.jar;C:\Users\LENOVO\.m2\repository\org\checkerframework\checker-qual\3.33.0\checker-qual-3.33.0.jar;C:\Users\LENOVO\.m2\repository\com\google\errorprone\error_prone_annotations\2.18.0\error_prone_annotations-2.18.0.jar;C:\Users\LENOVO\.m2\repository\com\google\j2objc\j2objc-annotations\2.8\j2objc-annotations-2.8.jar;C:\Users\LENOVO\.m2\repository\com\github\javafaker\javafaker\1.0.2\javafaker-1.0.2.jar;C:\Users\LENOVO\.m2\repository\org\apache\commons\commons-lang3\3.5\commons-lang3-3.5.jar;C:\Users\LENOVO\.m2\repository\org\yaml\snakeyaml\1.23\snakeyaml-1.23-android.jar;C:\Users\LENOVO\.m2\repository\com\github\mifmif\generex\1.0.2\generex-1.0.2.jar;C:\Users\LENOVO\.m2\repository\dk\brics\automaton\automaton\1.11-8\automaton-1.11-8.jar;C:\Users\LENOVO\.m2\repository\com\aventstack\extentreports\5.0.9\extentreports-5.0.9.jar;C:\Users\LENOVO\.m2\repository\io\reactivex\rxjava3\rxjava\3.0.4\rxjava-3.0.4.jar;C:\Users\LENOVO\.m2\repository\org\reactivestreams\reactive-streams\1.0.3\reactive-streams-1.0.3.jar;C:\Users\LENOVO\.m2\repository\org\freemarker\freemarker\2.3.30\freemarker-2.3.30.jar;C:\Users\LENOVO\.m2\repository\org\projectlombok\lombok\1.18.12\lombok-1.18.12.jar;C:\Users\LENOVO\.m2\repository\org\apache\poi\poi\5.2.3\poi-5.2.3.jar;C:\Users\LENOVO\.m2\repository\commons-codec\commons-codec\1.15\commons-codec-1.15.jar;C:\Users\LENOVO\.m2\repository\org\apache\commons\commons-collections4\4.4\commons-collections4-4.4.jar;C:\Users\LENOVO\.m2\repository\org\apache\commons\commons-math3\3.6.1\commons-math3-3.6.1.jar;C:\Users\LENOVO\.m2\repository\commons-io\commons-io\2.11.0\commons-io-2.11.0.jar;C:\Users\LENOVO\.m2\repository\com\zaxxer\SparseBitSet\1.2\SparseBitSet-1.2.jar;C:\Users\LENOVO\.m2\repository\org\apache\logging\log4j\log4j-api\2.18.0\log4j-api-2.18.0.jar;C:\Users\LENOVO\.m2\repository\org\apache\poi\poi-ooxml\5.2.3\poi-ooxml-5.2.3.jar;C:\Users\LENOVO\.m2\repository\org\apache\poi\poi-ooxml-lite\5.2.3\poi-ooxml-lite-5.2.3.jar;C:\Users\LENOVO\.m2\repository\org\apache\xmlbeans\xmlbeans\5.1.1\xmlbeans-5.1.1.jar;C:\Users\LENOVO\.m2\repository\org\apache\commons\commons-compress\1.21\commons-compress-1.21.jar;C:\Users\LENOVO\.m2\repository\com\github\virtuald\curvesapi\1.07\curvesapi-1.07.jar;C:\Users\LENOVO\.m2\repository\log4j\log4j\1.2.17\log4j-1.2.17.jar;"/>
    <property name="sun.cpu.endian" value="little"/>
    <property name="user.home" value="C:\Users\LENOVO"/>
    <property name="user.language" value="en"/>
    <property name="java.specification.vendor" value="Oracle Corporation"/>
    <property name="java.version.date" value="2023-07-18"/>
    <property name="java.home" value="C:\Program Files\Java\jdk-17"/>
    <property name="file.separator" value="\"/>
    <property name="basedir" value="C:\Users\LENOVO\eclipse-workspace\PetStoreAutomation"/>
    <property name="java.vm.compressedOopsMode" value="32-bit"/>
    <property name="line.separator" value="&#10;"/>
    <property name="java.vm.specification.vendor" value="Oracle Corporation"/>
    <property name="java.specification.name" value="Java Platform API Specification"/>
    <property name="surefire.real.class.path" value="C:\Users\LENOVO\AppData\Local\Temp\surefire4118661558195139236\surefirebooter-20240406092807341_3.jar"/>
    <property name="user.script" value=""/>
    <property name="sun.management.compiler" value="HotSpot 64-Bit Tiered Compilers"/>
    <property name="java.runtime.version" value="17.0.8+9-LTS-211"/>
    <property name="user.name" value="LENOVO"/>
    <property name="path.separator" value=";"/>
    <property name="os.version" value="10.0"/>
    <property name="java.runtime.name" value="Java(TM) SE Runtime Environment"/>
    <property name="file.encoding" value="Cp1252"/>
    <property name="java.vm.name" value="Java HotSpot(TM) 64-Bit Server VM"/>
    <property name="localRepository" value="C:\Users\LENOVO\.m2\repository"/>
    <property name="java.vendor.url.bug" value="https://bugreport.java.com/bugreport/"/>
    <property name="java.io.tmpdir" value="C:\Users\LENOVO\AppData\Local\Temp\"/>
    <property name="java.version" value="17.0.8"/>
    <property name="user.dir" value="C:\Users\LENOVO\eclipse-workspace\PetStoreAutomation"/>
    <property name="os.arch" value="amd64"/>
    <property name="java.vm.specification.name" value="Java Virtual Machine Specification"/>
    <property name="sun.os.patch.level" value=""/>
    <property name="native.encoding" value="Cp1252"/>
    <property name="java.library.path" value="C:\Program Files\Java\jdk-17\bin;C:\WINDOWS\Sun\Java\bin;C:\WINDOWS\system32;C:\WINDOWS;C:\Program Files\Common Files\Oracle\Java\javapath;C:\WINDOWS\system32;C:\WINDOWS;C:\WINDOWS\System32\Wbem;C:\WINDOWS\System32\WindowsPowerShell\v1.0\;C:\WINDOWS\System32\OpenSSH\;C:\Program Files\apache-maven-3.9.4\bin;C:\Program Files\Java\jdk-17\bin;C:\Program Files\nodejs\;C:\Program Files\nodejs\node_modules;C:\Program Files\Git\cmd;C:\Users\LENOVO\AppData\Local\Programs\Python\Python311\Scripts\;C:\Users\LENOVO\AppData\Local\Programs\Python\Python311\;C:\Users\LENOVO\AppData\Local\Microsoft\WindowsApps;C:\Users\LENOVO\AppData\Roaming\npm;."/>
    <property name="java.vm.info" value="mixed mode, sharing"/>
    <property name="java.vendor" value="Oracle Corporation"/>
    <property name="java.vm.version" value="17.0.8+9-LTS-211"/>
    <property name="sun.io.unicode.encoding" value="UnicodeLittle"/>
    <property name="java.class.version" value="61.0"/>
  </properties>
  <testcase name="testPostUser" classname="api.test.UserTests2" time="2.847">
    <system-out><![CDATA[04-97-2024 09:28:08 UserTests2.java INFO  [main] /PetStoreAutomation/logs 51 - Creating User
04-97-2024 09:28:09 BasicClientConnectionManager.java DEBUG [main] conn.BasicClientConnectionManager 161 - Get connection for route {s}->https://petstore.swagger.io:443
04-97-2024 09:28:09 DefaultClientConnectionOperator.java DEBUG [main] conn.DefaultClientConnectionOperator 177 - Connecting to petstore.swagger.io:443
04-97-2024 09:28:10 RequestAddCookies.java DEBUG [main] protocol.RequestAddCookies 123 - CookieSpec selected: ignoreCookies
04-97-2024 09:28:10 RequestAuthCache.java DEBUG [main] protocol.RequestAuthCache 77 - Auth cache not set in the context
04-97-2024 09:28:10 RequestTargetAuthentication.java DEBUG [main] protocol.RequestTargetAuthentication 80 - Target auth state: UNCHALLENGED
04-97-2024 09:28:10 RequestProxyAuthentication.java DEBUG [main] protocol.RequestProxyAuthentication 89 - Proxy auth state: UNCHALLENGED
04-97-2024 09:28:10 DefaultRequestDirector.java DEBUG [main] client.DefaultHttpClient 677 - Attempt 1 to execute request
04-97-2024 09:28:10 DefaultClientConnection.java DEBUG [main] conn.DefaultClientConnection 274 - Sending request: POST /v2/user HTTP/1.1
04-97-2024 09:28:10 Wire.java DEBUG [main] http.wire 73 -  >> "POST /v2/user HTTP/1.1[\r][\n]"
04-97-2024 09:28:10 Wire.java DEBUG [main] http.wire 73 -  >> "Accept: application/json, application/javascript, text/javascript, text/json[\r][\n]"
04-97-2024 09:28:10 Wire.java DEBUG [main] http.wire 73 -  >> "Content-Type: application/json[\r][\n]"
04-97-2024 09:28:10 Wire.java DEBUG [main] http.wire 73 -  >> "Content-Length: 193[\r][\n]"
04-97-2024 09:28:10 Wire.java DEBUG [main] http.wire 73 -  >> "Host: petstore.swagger.io[\r][\n]"
04-97-2024 09:28:10 Wire.java DEBUG [main] http.wire 73 -  >> "Connection: Keep-Alive[\r][\n]"
04-97-2024 09:28:10 Wire.java DEBUG [main] http.wire 73 -  >> "User-Agent: Apache-HttpClient/4.5.13 (Java/17.0.8)[\r][\n]"
04-97-2024 09:28:10 Wire.java DEBUG [main] http.wire 73 -  >> "Accept-Encoding: gzip,deflate[\r][\n]"
04-97-2024 09:28:10 Wire.java DEBUG [main] http.wire 73 -  >> "[\r][\n]"
04-97-2024 09:28:10 DefaultClientConnection.java DEBUG [main] http.headers 278 - >> POST /v2/user HTTP/1.1
04-97-2024 09:28:10 DefaultClientConnection.java DEBUG [main] http.headers 281 - >> Accept: application/json, application/javascript, text/javascript, text/json
04-97-2024 09:28:10 DefaultClientConnection.java DEBUG [main] http.headers 281 - >> Content-Type: application/json
04-97-2024 09:28:10 DefaultClientConnection.java DEBUG [main] http.headers 281 - >> Content-Length: 193
04-97-2024 09:28:10 DefaultClientConnection.java DEBUG [main] http.headers 281 - >> Host: petstore.swagger.io
04-97-2024 09:28:10 DefaultClientConnection.java DEBUG [main] http.headers 281 - >> Connection: Keep-Alive
04-97-2024 09:28:10 DefaultClientConnection.java DEBUG [main] http.headers 281 - >> User-Agent: Apache-HttpClient/4.5.13 (Java/17.0.8)
04-97-2024 09:28:10 DefaultClientConnection.java DEBUG [main] http.headers 281 - >> Accept-Encoding: gzip,deflate
04-97-2024 09:28:10 Wire.java DEBUG [main] http.wire 87 -  >> "{"id":1225568095,"username":"kristy.wilderman","firstname":"Delores","lastname":"Vandervort","email":"remedios.ledner@hotmail.com","password":"h0rut0f5","phone":"1-510-919-9813","userStatus":0}"
04-97-2024 09:28:11 Wire.java DEBUG [main] http.wire 73 -  << "HTTP/1.1 200 OK[\r][\n]"
04-97-2024 09:28:11 Wire.java DEBUG [main] http.wire 73 -  << "Date: Sat, 06 Apr 2024 03:58:11 GMT[\r][\n]"
04-97-2024 09:28:11 Wire.java DEBUG [main] http.wire 73 -  << "Content-Type: application/json[\r][\n]"
04-97-2024 09:28:11 Wire.java DEBUG [main] http.wire 73 -  << "Transfer-Encoding: chunked[\r][\n]"
04-97-2024 09:28:11 Wire.java DEBUG [main] http.wire 73 -  << "Connection: keep-alive[\r][\n]"
04-97-2024 09:28:11 Wire.java DEBUG [main] http.wire 73 -  << "Access-Control-Allow-Origin: *[\r][\n]"
04-97-2024 09:28:11 Wire.java DEBUG [main] http.wire 73 -  << "Access-Control-Allow-Methods: GET, POST, DELETE, PUT[\r][\n]"
04-97-2024 09:28:11 Wire.java DEBUG [main] http.wire 73 -  << "Access-Control-Allow-Headers: Content-Type, api_key, Authorization[\r][\n]"
04-97-2024 09:28:11 Wire.java DEBUG [main] http.wire 73 -  << "Server: Jetty(9.2.9.v20150224)[\r][\n]"
04-97-2024 09:28:11 Wire.java DEBUG [main] http.wire 73 -  << "[\r][\n]"
04-97-2024 09:28:11 DefaultClientConnection.java DEBUG [main] conn.DefaultClientConnection 259 - Receiving response: HTTP/1.1 200 OK
04-97-2024 09:28:11 DefaultClientConnection.java DEBUG [main] http.headers 262 - << HTTP/1.1 200 OK
04-97-2024 09:28:11 DefaultClientConnection.java DEBUG [main] http.headers 265 - << Date: Sat, 06 Apr 2024 03:58:11 GMT
04-97-2024 09:28:11 DefaultClientConnection.java DEBUG [main] http.headers 265 - << Content-Type: application/json
04-97-2024 09:28:11 DefaultClientConnection.java DEBUG [main] http.headers 265 - << Transfer-Encoding: chunked
04-97-2024 09:28:11 DefaultClientConnection.java DEBUG [main] http.headers 265 - << Connection: keep-alive
04-97-2024 09:28:11 DefaultClientConnection.java DEBUG [main] http.headers 265 - << Access-Control-Allow-Origin: *
04-97-2024 09:28:11 DefaultClientConnection.java DEBUG [main] http.headers 265 - << Access-Control-Allow-Methods: GET, POST, DELETE, PUT
04-97-2024 09:28:11 DefaultClientConnection.java DEBUG [main] http.headers 265 - << Access-Control-Allow-Headers: Content-Type, api_key, Authorization
04-97-2024 09:28:11 DefaultClientConnection.java DEBUG [main] http.headers 265 - << Server: Jetty(9.2.9.v20150224)
04-97-2024 09:28:11 DefaultRequestDirector.java DEBUG [main] client.DefaultHttpClient 504 - Connection can be kept alive indefinitely
04-97-2024 09:28:11 HTTPBuilder.java DEBUG [main] internal.RestAssuredHttpBuilder 553 - Parsing response as: application/json
04-97-2024 09:28:11 HTTPBuilder.java DEBUG [main] internal.RestAssuredHttpBuilder 556 - Parsed data to instance of: class org.apache.http.conn.EofSensorInputStream
04-97-2024 09:28:11 Wire.java DEBUG [main] http.wire 73 -  << "34[\r][\n]"
04-97-2024 09:28:11 Wire.java DEBUG [main] http.wire 87 -  << "{"code":200,"type":"unknown","message":"1225568095"}"
04-97-2024 09:28:11 Wire.java DEBUG [main] http.wire 73 -  << "[\r][\n]"
04-97-2024 09:28:11 Wire.java DEBUG [main] http.wire 73 -  << "0[\r][\n]"
04-97-2024 09:28:11 Wire.java DEBUG [main] http.wire 73 -  << "[\r][\n]"
04-97-2024 09:28:11 BasicClientConnectionManager.java DEBUG [main] conn.BasicClientConnectionManager 200 - Releasing connection org.apache.http.impl.conn.ManagedClientConnectionImpl@779b4f9c
04-97-2024 09:28:11 BasicClientConnectionManager.java DEBUG [main] conn.BasicClientConnectionManager 225 - Connection can be kept alive indefinitely
HTTP/1.1 200 OK
Date: Sat, 06 Apr 2024 03:58:11 GMT
Content-Type: application/json
Transfer-Encoding: chunked
Connection: keep-alive
Access-Control-Allow-Origin: *
Access-Control-Allow-Methods: GET, POST, DELETE, PUT
Access-Control-Allow-Headers: Content-Type, api_key, Authorization
Server: Jetty(9.2.9.v20150224)

{
    "code": 200,
    "type": "unknown",
    "message": "1225568095"
}
04-97-2024 09:28:11 UserTests2.java INFO  [main] /PetStoreAutomation/logs 55 - User is created
]]></system-out>
    <system-err><![CDATA[SLF4J: Failed to load class "org.slf4j.impl.StaticLoggerBinder".
SLF4J: Defaulting to no-operation (NOP) logger implementation
SLF4J: See http://www.slf4j.org/codes.html#StaticLoggerBinder for further details.
]]></system-err>
  </testcase>
  <testcase name="testGetUserByName" classname="api.test.UserTests2" time="1.256">
    <system-out><![CDATA[04-97-2024 09:28:11 UserTests2.java INFO  [main] /PetStoreAutomation/logs 62 - geting User info
04-97-2024 09:28:11 BasicClientConnectionManager.java DEBUG [main] conn.BasicClientConnectionManager 161 - Get connection for route {s}->https://petstore.swagger.io:443
04-97-2024 09:28:11 DefaultClientConnectionOperator.java DEBUG [main] conn.DefaultClientConnectionOperator 177 - Connecting to petstore.swagger.io:443
04-97-2024 09:28:12 RequestAddCookies.java DEBUG [main] protocol.RequestAddCookies 123 - CookieSpec selected: ignoreCookies
04-97-2024 09:28:12 RequestAuthCache.java DEBUG [main] protocol.RequestAuthCache 77 - Auth cache not set in the context
04-97-2024 09:28:12 RequestTargetAuthentication.java DEBUG [main] protocol.RequestTargetAuthentication 80 - Target auth state: UNCHALLENGED
04-97-2024 09:28:12 RequestProxyAuthentication.java DEBUG [main] protocol.RequestProxyAuthentication 89 - Proxy auth state: UNCHALLENGED
04-97-2024 09:28:12 DefaultRequestDirector.java DEBUG [main] client.DefaultHttpClient 677 - Attempt 1 to execute request
04-97-2024 09:28:12 DefaultClientConnection.java DEBUG [main] conn.DefaultClientConnection 274 - Sending request: GET /v2/user/kristy.wilderman HTTP/1.1
04-97-2024 09:28:12 Wire.java DEBUG [main] http.wire 73 -  >> "GET /v2/user/kristy.wilderman HTTP/1.1[\r][\n]"
04-97-2024 09:28:12 Wire.java DEBUG [main] http.wire 73 -  >> "Accept: */*[\r][\n]"
04-97-2024 09:28:12 Wire.java DEBUG [main] http.wire 73 -  >> "Host: petstore.swagger.io[\r][\n]"
04-97-2024 09:28:12 Wire.java DEBUG [main] http.wire 73 -  >> "Connection: Keep-Alive[\r][\n]"
04-97-2024 09:28:12 Wire.java DEBUG [main] http.wire 73 -  >> "User-Agent: Apache-HttpClient/4.5.13 (Java/17.0.8)[\r][\n]"
04-97-2024 09:28:12 Wire.java DEBUG [main] http.wire 73 -  >> "Accept-Encoding: gzip,deflate[\r][\n]"
04-97-2024 09:28:12 Wire.java DEBUG [main] http.wire 73 -  >> "[\r][\n]"
04-97-2024 09:28:12 DefaultClientConnection.java DEBUG [main] http.headers 278 - >> GET /v2/user/kristy.wilderman HTTP/1.1
04-97-2024 09:28:12 DefaultClientConnection.java DEBUG [main] http.headers 281 - >> Accept: */*
04-97-2024 09:28:12 DefaultClientConnection.java DEBUG [main] http.headers 281 - >> Host: petstore.swagger.io
04-97-2024 09:28:12 DefaultClientConnection.java DEBUG [main] http.headers 281 - >> Connection: Keep-Alive
04-97-2024 09:28:12 DefaultClientConnection.java DEBUG [main] http.headers 281 - >> User-Agent: Apache-HttpClient/4.5.13 (Java/17.0.8)
04-97-2024 09:28:12 DefaultClientConnection.java DEBUG [main] http.headers 281 - >> Accept-Encoding: gzip,deflate
04-97-2024 09:28:12 Wire.java DEBUG [main] http.wire 73 -  << "HTTP/1.1 200 OK[\r][\n]"
04-97-2024 09:28:12 Wire.java DEBUG [main] http.wire 73 -  << "Date: Sat, 06 Apr 2024 03:58:12 GMT[\r][\n]"
04-97-2024 09:28:12 Wire.java DEBUG [main] http.wire 73 -  << "Content-Type: application/json[\r][\n]"
04-97-2024 09:28:12 Wire.java DEBUG [main] http.wire 73 -  << "Transfer-Encoding: chunked[\r][\n]"
04-97-2024 09:28:12 Wire.java DEBUG [main] http.wire 73 -  << "Connection: keep-alive[\r][\n]"
04-97-2024 09:28:12 Wire.java DEBUG [main] http.wire 73 -  << "Access-Control-Allow-Origin: *[\r][\n]"
04-97-2024 09:28:12 Wire.java DEBUG [main] http.wire 73 -  << "Access-Control-Allow-Methods: GET, POST, DELETE, PUT[\r][\n]"
04-97-2024 09:28:12 Wire.java DEBUG [main] http.wire 73 -  << "Access-Control-Allow-Headers: Content-Type, api_key, Authorization[\r][\n]"
04-97-2024 09:28:12 Wire.java DEBUG [main] http.wire 73 -  << "Server: Jetty(9.2.9.v20150224)[\r][\n]"
04-97-2024 09:28:12 Wire.java DEBUG [main] http.wire 73 -  << "[\r][\n]"
04-97-2024 09:28:12 DefaultClientConnection.java DEBUG [main] conn.DefaultClientConnection 259 - Receiving response: HTTP/1.1 200 OK
04-97-2024 09:28:12 DefaultClientConnection.java DEBUG [main] http.headers 262 - << HTTP/1.1 200 OK
04-97-2024 09:28:12 DefaultClientConnection.java DEBUG [main] http.headers 265 - << Date: Sat, 06 Apr 2024 03:58:12 GMT
04-97-2024 09:28:12 DefaultClientConnection.java DEBUG [main] http.headers 265 - << Content-Type: application/json
04-97-2024 09:28:12 DefaultClientConnection.java DEBUG [main] http.headers 265 - << Transfer-Encoding: chunked
04-97-2024 09:28:12 DefaultClientConnection.java DEBUG [main] http.headers 265 - << Connection: keep-alive
04-97-2024 09:28:12 DefaultClientConnection.java DEBUG [main] http.headers 265 - << Access-Control-Allow-Origin: *
04-97-2024 09:28:12 DefaultClientConnection.java DEBUG [main] http.headers 265 - << Access-Control-Allow-Methods: GET, POST, DELETE, PUT
04-97-2024 09:28:12 DefaultClientConnection.java DEBUG [main] http.headers 265 - << Access-Control-Allow-Headers: Content-Type, api_key, Authorization
04-97-2024 09:28:12 DefaultClientConnection.java DEBUG [main] http.headers 265 - << Server: Jetty(9.2.9.v20150224)
04-97-2024 09:28:12 DefaultRequestDirector.java DEBUG [main] client.DefaultHttpClient 504 - Connection can be kept alive indefinitely
04-97-2024 09:28:12 HTTPBuilder.java DEBUG [main] internal.RestAssuredHttpBuilder 553 - Parsing response as: application/json
04-97-2024 09:28:12 HTTPBuilder.java DEBUG [main] internal.RestAssuredHttpBuilder 556 - Parsed data to instance of: class org.apache.http.conn.EofSensorInputStream
04-97-2024 09:28:12 Wire.java DEBUG [main] http.wire 73 -  << "93[\r][\n]"
04-97-2024 09:28:12 Wire.java DEBUG [main] http.wire 87 -  << "{"id":1225568095,"username":"kristy.wilderman","email":"remedios.ledner@hotmail.com","password":"h0rut0f5","phone":"1-510-919-9813","userStatus":0}"
04-97-2024 09:28:12 Wire.java DEBUG [main] http.wire 73 -  << "[\r][\n]"
04-97-2024 09:28:12 Wire.java DEBUG [main] http.wire 73 -  << "0[\r][\n]"
04-97-2024 09:28:12 Wire.java DEBUG [main] http.wire 73 -  << "[\r][\n]"
04-97-2024 09:28:12 BasicClientConnectionManager.java DEBUG [main] conn.BasicClientConnectionManager 200 - Releasing connection org.apache.http.impl.conn.ManagedClientConnectionImpl@77476fcf
04-97-2024 09:28:12 BasicClientConnectionManager.java DEBUG [main] conn.BasicClientConnectionManager 225 - Connection can be kept alive indefinitely
HTTP/1.1 200 OK
Date: Sat, 06 Apr 2024 03:58:12 GMT
Content-Type: application/json
Transfer-Encoding: chunked
Connection: keep-alive
Access-Control-Allow-Origin: *
Access-Control-Allow-Methods: GET, POST, DELETE, PUT
Access-Control-Allow-Headers: Content-Type, api_key, Authorization
Server: Jetty(9.2.9.v20150224)

{
    "id": 1225568095,
    "username": "kristy.wilderman",
    "email": "remedios.ledner@hotmail.com",
    "password": "h0rut0f5",
    "phone": "1-510-919-9813",
    "userStatus": 0
}
04-97-2024 09:28:12 UserTests2.java INFO  [main] /PetStoreAutomation/logs 68 - User info is displayed
]]></system-out>
  </testcase>
  <testcase name="testUpdateUserByName" classname="api.test.UserTests2" time="2.469">
    <system-out><![CDATA[04-97-2024 09:28:12 UserTests2.java INFO  [main] /PetStoreAutomation/logs 76 - Updating User
04-97-2024 09:28:12 BasicClientConnectionManager.java DEBUG [main] conn.BasicClientConnectionManager 161 - Get connection for route {s}->https://petstore.swagger.io:443
04-97-2024 09:28:12 DefaultClientConnectionOperator.java DEBUG [main] conn.DefaultClientConnectionOperator 177 - Connecting to petstore.swagger.io:443
04-97-2024 09:28:13 RequestAddCookies.java DEBUG [main] protocol.RequestAddCookies 123 - CookieSpec selected: ignoreCookies
04-97-2024 09:28:13 RequestAuthCache.java DEBUG [main] protocol.RequestAuthCache 77 - Auth cache not set in the context
04-97-2024 09:28:13 RequestTargetAuthentication.java DEBUG [main] protocol.RequestTargetAuthentication 80 - Target auth state: UNCHALLENGED
04-97-2024 09:28:13 RequestProxyAuthentication.java DEBUG [main] protocol.RequestProxyAuthentication 89 - Proxy auth state: UNCHALLENGED
04-97-2024 09:28:13 DefaultRequestDirector.java DEBUG [main] client.DefaultHttpClient 677 - Attempt 1 to execute request
04-97-2024 09:28:13 DefaultClientConnection.java DEBUG [main] conn.DefaultClientConnection 274 - Sending request: PUT /v2/user/kristy.wilderman HTTP/1.1
04-97-2024 09:28:13 Wire.java DEBUG [main] http.wire 73 -  >> "PUT /v2/user/kristy.wilderman HTTP/1.1[\r][\n]"
04-97-2024 09:28:13 Wire.java DEBUG [main] http.wire 73 -  >> "Accept: application/json, application/javascript, text/javascript, text/json[\r][\n]"
04-97-2024 09:28:13 Wire.java DEBUG [main] http.wire 73 -  >> "Content-Type: application/json[\r][\n]"
04-97-2024 09:28:13 Wire.java DEBUG [main] http.wire 73 -  >> "Content-Length: 190[\r][\n]"
04-97-2024 09:28:13 Wire.java DEBUG [main] http.wire 73 -  >> "Host: petstore.swagger.io[\r][\n]"
04-97-2024 09:28:13 Wire.java DEBUG [main] http.wire 73 -  >> "Connection: Keep-Alive[\r][\n]"
04-97-2024 09:28:13 Wire.java DEBUG [main] http.wire 73 -  >> "User-Agent: Apache-HttpClient/4.5.13 (Java/17.0.8)[\r][\n]"
04-97-2024 09:28:13 Wire.java DEBUG [main] http.wire 73 -  >> "Accept-Encoding: gzip,deflate[\r][\n]"
04-97-2024 09:28:13 Wire.java DEBUG [main] http.wire 73 -  >> "[\r][\n]"
04-97-2024 09:28:13 DefaultClientConnection.java DEBUG [main] http.headers 278 - >> PUT /v2/user/kristy.wilderman HTTP/1.1
04-97-2024 09:28:13 DefaultClientConnection.java DEBUG [main] http.headers 281 - >> Accept: application/json, application/javascript, text/javascript, text/json
04-97-2024 09:28:13 DefaultClientConnection.java DEBUG [main] http.headers 281 - >> Content-Type: application/json
04-97-2024 09:28:13 DefaultClientConnection.java DEBUG [main] http.headers 281 - >> Content-Length: 190
04-97-2024 09:28:13 DefaultClientConnection.java DEBUG [main] http.headers 281 - >> Host: petstore.swagger.io
04-97-2024 09:28:13 DefaultClientConnection.java DEBUG [main] http.headers 281 - >> Connection: Keep-Alive
04-97-2024 09:28:13 DefaultClientConnection.java DEBUG [main] http.headers 281 - >> User-Agent: Apache-HttpClient/4.5.13 (Java/17.0.8)
04-97-2024 09:28:13 DefaultClientConnection.java DEBUG [main] http.headers 281 - >> Accept-Encoding: gzip,deflate
04-97-2024 09:28:13 Wire.java DEBUG [main] http.wire 87 -  >> "{"id":1225568095,"username":"kristy.wilderman","firstname":"Chia","lastname":"Roberts","email":"tabitha.morissette@hotmail.com","password":"h0rut0f5","phone":"1-510-919-9813","userStatus":0}"
04-97-2024 09:28:13 Wire.java DEBUG [main] http.wire 73 -  << "HTTP/1.1 200 OK[\r][\n]"
04-97-2024 09:28:13 Wire.java DEBUG [main] http.wire 73 -  << "Date: Sat, 06 Apr 2024 03:58:14 GMT[\r][\n]"
04-97-2024 09:28:13 Wire.java DEBUG [main] http.wire 73 -  << "Content-Type: application/json[\r][\n]"
04-97-2024 09:28:13 Wire.java DEBUG [main] http.wire 73 -  << "Transfer-Encoding: chunked[\r][\n]"
04-97-2024 09:28:13 Wire.java DEBUG [main] http.wire 73 -  << "Connection: keep-alive[\r][\n]"
04-97-2024 09:28:13 Wire.java DEBUG [main] http.wire 73 -  << "Access-Control-Allow-Origin: *[\r][\n]"
04-97-2024 09:28:13 Wire.java DEBUG [main] http.wire 73 -  << "Access-Control-Allow-Methods: GET, POST, DELETE, PUT[\r][\n]"
04-97-2024 09:28:13 Wire.java DEBUG [main] http.wire 73 -  << "Access-Control-Allow-Headers: Content-Type, api_key, Authorization[\r][\n]"
04-97-2024 09:28:13 Wire.java DEBUG [main] http.wire 73 -  << "Server: Jetty(9.2.9.v20150224)[\r][\n]"
04-97-2024 09:28:13 Wire.java DEBUG [main] http.wire 73 -  << "[\r][\n]"
04-97-2024 09:28:13 DefaultClientConnection.java DEBUG [main] conn.DefaultClientConnection 259 - Receiving response: HTTP/1.1 200 OK
04-97-2024 09:28:13 DefaultClientConnection.java DEBUG [main] http.headers 262 - << HTTP/1.1 200 OK
04-97-2024 09:28:13 DefaultClientConnection.java DEBUG [main] http.headers 265 - << Date: Sat, 06 Apr 2024 03:58:14 GMT
04-97-2024 09:28:13 DefaultClientConnection.java DEBUG [main] http.headers 265 - << Content-Type: application/json
04-97-2024 09:28:13 DefaultClientConnection.java DEBUG [main] http.headers 265 - << Transfer-Encoding: chunked
04-97-2024 09:28:13 DefaultClientConnection.java DEBUG [main] http.headers 265 - << Connection: keep-alive
04-97-2024 09:28:13 DefaultClientConnection.java DEBUG [main] http.headers 265 - << Access-Control-Allow-Origin: *
04-97-2024 09:28:13 DefaultClientConnection.java DEBUG [main] http.headers 265 - << Access-Control-Allow-Methods: GET, POST, DELETE, PUT
04-97-2024 09:28:13 DefaultClientConnection.java DEBUG [main] http.headers 265 - << Access-Control-Allow-Headers: Content-Type, api_key, Authorization
04-97-2024 09:28:13 DefaultClientConnection.java DEBUG [main] http.headers 265 - << Server: Jetty(9.2.9.v20150224)
04-97-2024 09:28:13 DefaultRequestDirector.java DEBUG [main] client.DefaultHttpClient 504 - Connection can be kept alive indefinitely
04-97-2024 09:28:13 HTTPBuilder.java DEBUG [main] internal.RestAssuredHttpBuilder 553 - Parsing response as: application/json
04-97-2024 09:28:13 HTTPBuilder.java DEBUG [main] internal.RestAssuredHttpBuilder 556 - Parsed data to instance of: class org.apache.http.conn.EofSensorInputStream
04-97-2024 09:28:13 Wire.java DEBUG [main] http.wire 73 -  << "34[\r][\n]"
04-97-2024 09:28:13 Wire.java DEBUG [main] http.wire 87 -  << "{"code":200,"type":"unknown","message":"1225568095"}"
04-97-2024 09:28:13 Wire.java DEBUG [main] http.wire 73 -  << "[\r][\n]"
04-97-2024 09:28:13 Wire.java DEBUG [main] http.wire 73 -  << "0[\r][\n]"
04-97-2024 09:28:13 Wire.java DEBUG [main] http.wire 73 -  << "[\r][\n]"
04-97-2024 09:28:13 BasicClientConnectionManager.java DEBUG [main] conn.BasicClientConnectionManager 200 - Releasing connection org.apache.http.impl.conn.ManagedClientConnectionImpl@fee7ca
04-97-2024 09:28:13 BasicClientConnectionManager.java DEBUG [main] conn.BasicClientConnectionManager 225 - Connection can be kept alive indefinitely
{
    "code": 200,
    "type": "unknown",
    "message": "1225568095"
}
04-97-2024 09:28:13 UserTests2.java INFO  [main] /PetStoreAutomation/logs 86 - User is updated
04-97-2024 09:28:13 BasicClientConnectionManager.java DEBUG [main] conn.BasicClientConnectionManager 161 - Get connection for route {s}->https://petstore.swagger.io:443
04-97-2024 09:28:13 DefaultClientConnectionOperator.java DEBUG [main] conn.DefaultClientConnectionOperator 177 - Connecting to petstore.swagger.io:443
04-97-2024 09:28:14 RequestAddCookies.java DEBUG [main] protocol.RequestAddCookies 123 - CookieSpec selected: ignoreCookies
04-97-2024 09:28:14 RequestAuthCache.java DEBUG [main] protocol.RequestAuthCache 77 - Auth cache not set in the context
04-97-2024 09:28:14 RequestTargetAuthentication.java DEBUG [main] protocol.RequestTargetAuthentication 80 - Target auth state: UNCHALLENGED
04-97-2024 09:28:14 RequestProxyAuthentication.java DEBUG [main] protocol.RequestProxyAuthentication 89 - Proxy auth state: UNCHALLENGED
04-97-2024 09:28:14 DefaultRequestDirector.java DEBUG [main] client.DefaultHttpClient 677 - Attempt 1 to execute request
04-97-2024 09:28:14 DefaultClientConnection.java DEBUG [main] conn.DefaultClientConnection 274 - Sending request: GET /v2/user/kristy.wilderman HTTP/1.1
04-97-2024 09:28:14 Wire.java DEBUG [main] http.wire 73 -  >> "GET /v2/user/kristy.wilderman HTTP/1.1[\r][\n]"
04-97-2024 09:28:14 Wire.java DEBUG [main] http.wire 73 -  >> "Accept: */*[\r][\n]"
04-97-2024 09:28:14 Wire.java DEBUG [main] http.wire 73 -  >> "Host: petstore.swagger.io[\r][\n]"
04-97-2024 09:28:14 Wire.java DEBUG [main] http.wire 73 -  >> "Connection: Keep-Alive[\r][\n]"
04-97-2024 09:28:14 Wire.java DEBUG [main] http.wire 73 -  >> "User-Agent: Apache-HttpClient/4.5.13 (Java/17.0.8)[\r][\n]"
04-97-2024 09:28:14 Wire.java DEBUG [main] http.wire 73 -  >> "Accept-Encoding: gzip,deflate[\r][\n]"
04-97-2024 09:28:14 Wire.java DEBUG [main] http.wire 73 -  >> "[\r][\n]"
04-97-2024 09:28:14 DefaultClientConnection.java DEBUG [main] http.headers 278 - >> GET /v2/user/kristy.wilderman HTTP/1.1
04-97-2024 09:28:14 DefaultClientConnection.java DEBUG [main] http.headers 281 - >> Accept: */*
04-97-2024 09:28:14 DefaultClientConnection.java DEBUG [main] http.headers 281 - >> Host: petstore.swagger.io
04-97-2024 09:28:14 DefaultClientConnection.java DEBUG [main] http.headers 281 - >> Connection: Keep-Alive
04-97-2024 09:28:14 DefaultClientConnection.java DEBUG [main] http.headers 281 - >> User-Agent: Apache-HttpClient/4.5.13 (Java/17.0.8)
04-97-2024 09:28:14 DefaultClientConnection.java DEBUG [main] http.headers 281 - >> Accept-Encoding: gzip,deflate
04-97-2024 09:28:15 Wire.java DEBUG [main] http.wire 73 -  << "HTTP/1.1 200 OK[\r][\n]"
04-97-2024 09:28:15 Wire.java DEBUG [main] http.wire 73 -  << "Date: Sat, 06 Apr 2024 03:58:15 GMT[\r][\n]"
04-97-2024 09:28:15 Wire.java DEBUG [main] http.wire 73 -  << "Content-Type: application/json[\r][\n]"
04-97-2024 09:28:15 Wire.java DEBUG [main] http.wire 73 -  << "Transfer-Encoding: chunked[\r][\n]"
04-97-2024 09:28:15 Wire.java DEBUG [main] http.wire 73 -  << "Connection: keep-alive[\r][\n]"
04-97-2024 09:28:15 Wire.java DEBUG [main] http.wire 73 -  << "Access-Control-Allow-Origin: *[\r][\n]"
04-97-2024 09:28:15 Wire.java DEBUG [main] http.wire 73 -  << "Access-Control-Allow-Methods: GET, POST, DELETE, PUT[\r][\n]"
04-97-2024 09:28:15 Wire.java DEBUG [main] http.wire 73 -  << "Access-Control-Allow-Headers: Content-Type, api_key, Authorization[\r][\n]"
04-97-2024 09:28:15 Wire.java DEBUG [main] http.wire 73 -  << "Server: Jetty(9.2.9.v20150224)[\r][\n]"
04-97-2024 09:28:15 Wire.java DEBUG [main] http.wire 73 -  << "[\r][\n]"
04-97-2024 09:28:15 DefaultClientConnection.java DEBUG [main] conn.DefaultClientConnection 259 - Receiving response: HTTP/1.1 200 OK
04-97-2024 09:28:15 DefaultClientConnection.java DEBUG [main] http.headers 262 - << HTTP/1.1 200 OK
04-97-2024 09:28:15 DefaultClientConnection.java DEBUG [main] http.headers 265 - << Date: Sat, 06 Apr 2024 03:58:15 GMT
04-97-2024 09:28:15 DefaultClientConnection.java DEBUG [main] http.headers 265 - << Content-Type: application/json
04-97-2024 09:28:15 DefaultClientConnection.java DEBUG [main] http.headers 265 - << Transfer-Encoding: chunked
04-97-2024 09:28:15 DefaultClientConnection.java DEBUG [main] http.headers 265 - << Connection: keep-alive
04-97-2024 09:28:15 DefaultClientConnection.java DEBUG [main] http.headers 265 - << Access-Control-Allow-Origin: *
04-97-2024 09:28:15 DefaultClientConnection.java DEBUG [main] http.headers 265 - << Access-Control-Allow-Methods: GET, POST, DELETE, PUT
04-97-2024 09:28:15 DefaultClientConnection.java DEBUG [main] http.headers 265 - << Access-Control-Allow-Headers: Content-Type, api_key, Authorization
04-97-2024 09:28:15 DefaultClientConnection.java DEBUG [main] http.headers 265 - << Server: Jetty(9.2.9.v20150224)
04-97-2024 09:28:15 DefaultRequestDirector.java DEBUG [main] client.DefaultHttpClient 504 - Connection can be kept alive indefinitely
04-97-2024 09:28:15 HTTPBuilder.java DEBUG [main] internal.RestAssuredHttpBuilder 553 - Parsing response as: application/json
04-97-2024 09:28:15 HTTPBuilder.java DEBUG [main] internal.RestAssuredHttpBuilder 556 - Parsed data to instance of: class org.apache.http.conn.EofSensorInputStream
]]></system-out>
  </testcase>
  <testcase name="testDeleteUserByName" classname="api.test.UserTests2" time="1.22">
    <system-out><![CDATA[04-97-2024 09:28:15 UserTests2.java INFO  [main] /PetStoreAutomation/logs 97 - Deleting User
04-97-2024 09:28:15 BasicClientConnectionManager.java DEBUG [main] conn.BasicClientConnectionManager 161 - Get connection for route {s}->https://petstore.swagger.io:443
04-97-2024 09:28:15 DefaultClientConnectionOperator.java DEBUG [main] conn.DefaultClientConnectionOperator 177 - Connecting to petstore.swagger.io:443
04-97-2024 09:28:16 RequestAddCookies.java DEBUG [main] protocol.RequestAddCookies 123 - CookieSpec selected: ignoreCookies
04-97-2024 09:28:16 RequestAuthCache.java DEBUG [main] protocol.RequestAuthCache 77 - Auth cache not set in the context
04-97-2024 09:28:16 RequestTargetAuthentication.java DEBUG [main] protocol.RequestTargetAuthentication 80 - Target auth state: UNCHALLENGED
04-97-2024 09:28:16 RequestProxyAuthentication.java DEBUG [main] protocol.RequestProxyAuthentication 89 - Proxy auth state: UNCHALLENGED
04-97-2024 09:28:16 DefaultRequestDirector.java DEBUG [main] client.DefaultHttpClient 677 - Attempt 1 to execute request
04-97-2024 09:28:16 DefaultClientConnection.java DEBUG [main] conn.DefaultClientConnection 274 - Sending request: DELETE /v2/user/kristy.wilderman HTTP/1.1
04-97-2024 09:28:16 Wire.java DEBUG [main] http.wire 73 -  >> "DELETE /v2/user/kristy.wilderman HTTP/1.1[\r][\n]"
04-97-2024 09:28:16 Wire.java DEBUG [main] http.wire 73 -  >> "Accept: */*[\r][\n]"
04-97-2024 09:28:16 Wire.java DEBUG [main] http.wire 73 -  >> "Host: petstore.swagger.io[\r][\n]"
04-97-2024 09:28:16 Wire.java DEBUG [main] http.wire 73 -  >> "Connection: Keep-Alive[\r][\n]"
04-97-2024 09:28:16 Wire.java DEBUG [main] http.wire 73 -  >> "User-Agent: Apache-HttpClient/4.5.13 (Java/17.0.8)[\r][\n]"
04-97-2024 09:28:16 Wire.java DEBUG [main] http.wire 73 -  >> "Accept-Encoding: gzip,deflate[\r][\n]"
04-97-2024 09:28:16 Wire.java DEBUG [main] http.wire 73 -  >> "[\r][\n]"
04-97-2024 09:28:16 DefaultClientConnection.java DEBUG [main] http.headers 278 - >> DELETE /v2/user/kristy.wilderman HTTP/1.1
04-97-2024 09:28:16 DefaultClientConnection.java DEBUG [main] http.headers 281 - >> Accept: */*
04-97-2024 09:28:16 DefaultClientConnection.java DEBUG [main] http.headers 281 - >> Host: petstore.swagger.io
04-97-2024 09:28:16 DefaultClientConnection.java DEBUG [main] http.headers 281 - >> Connection: Keep-Alive
04-97-2024 09:28:16 DefaultClientConnection.java DEBUG [main] http.headers 281 - >> User-Agent: Apache-HttpClient/4.5.13 (Java/17.0.8)
04-97-2024 09:28:16 DefaultClientConnection.java DEBUG [main] http.headers 281 - >> Accept-Encoding: gzip,deflate
04-97-2024 09:28:16 Wire.java DEBUG [main] http.wire 73 -  << "HTTP/1.1 200 OK[\r][\n]"
04-97-2024 09:28:16 Wire.java DEBUG [main] http.wire 73 -  << "Date: Sat, 06 Apr 2024 03:58:16 GMT[\r][\n]"
04-97-2024 09:28:16 Wire.java DEBUG [main] http.wire 73 -  << "Content-Type: application/json[\r][\n]"
04-97-2024 09:28:16 Wire.java DEBUG [main] http.wire 73 -  << "Transfer-Encoding: chunked[\r][\n]"
04-97-2024 09:28:16 Wire.java DEBUG [main] http.wire 73 -  << "Connection: keep-alive[\r][\n]"
04-97-2024 09:28:16 Wire.java DEBUG [main] http.wire 73 -  << "Access-Control-Allow-Origin: *[\r][\n]"
04-97-2024 09:28:16 Wire.java DEBUG [main] http.wire 73 -  << "Access-Control-Allow-Methods: GET, POST, DELETE, PUT[\r][\n]"
04-97-2024 09:28:16 Wire.java DEBUG [main] http.wire 73 -  << "Access-Control-Allow-Headers: Content-Type, api_key, Authorization[\r][\n]"
04-97-2024 09:28:16 Wire.java DEBUG [main] http.wire 73 -  << "Server: Jetty(9.2.9.v20150224)[\r][\n]"
04-97-2024 09:28:16 Wire.java DEBUG [main] http.wire 73 -  << "[\r][\n]"
04-97-2024 09:28:16 DefaultClientConnection.java DEBUG [main] conn.DefaultClientConnection 259 - Receiving response: HTTP/1.1 200 OK
04-97-2024 09:28:16 DefaultClientConnection.java DEBUG [main] http.headers 262 - << HTTP/1.1 200 OK
04-97-2024 09:28:16 DefaultClientConnection.java DEBUG [main] http.headers 265 - << Date: Sat, 06 Apr 2024 03:58:16 GMT
04-97-2024 09:28:16 DefaultClientConnection.java DEBUG [main] http.headers 265 - << Content-Type: application/json
04-97-2024 09:28:16 DefaultClientConnection.java DEBUG [main] http.headers 265 - << Transfer-Encoding: chunked
04-97-2024 09:28:16 DefaultClientConnection.java DEBUG [main] http.headers 265 - << Connection: keep-alive
04-97-2024 09:28:16 DefaultClientConnection.java DEBUG [main] http.headers 265 - << Access-Control-Allow-Origin: *
04-97-2024 09:28:16 DefaultClientConnection.java DEBUG [main] http.headers 265 - << Access-Control-Allow-Methods: GET, POST, DELETE, PUT
04-97-2024 09:28:16 DefaultClientConnection.java DEBUG [main] http.headers 265 - << Access-Control-Allow-Headers: Content-Type, api_key, Authorization
04-97-2024 09:28:16 DefaultClientConnection.java DEBUG [main] http.headers 265 - << Server: Jetty(9.2.9.v20150224)
04-97-2024 09:28:16 DefaultRequestDirector.java DEBUG [main] client.DefaultHttpClient 504 - Connection can be kept alive indefinitely
04-97-2024 09:28:16 HTTPBuilder.java DEBUG [main] internal.RestAssuredHttpBuilder 553 - Parsing response as: application/json
04-97-2024 09:28:16 HTTPBuilder.java DEBUG [main] internal.RestAssuredHttpBuilder 556 - Parsed data to instance of: class org.apache.http.conn.EofSensorInputStream
04-97-2024 09:28:16 UserTests2.java INFO  [main] /PetStoreAutomation/logs 101 - User is Deleted
]]></system-out>
  </testcase>
</testsuite>