<?xml version="1.0" encoding="UTF-8"?>
<!-- Generated by org.testng.reporters.JUnitReportReporter -->
<testsuite hostname="Vivek" failures="0" tests="4" name="api.test.UserTests" time="10.609" errors="0" timestamp="2024-04-04T13:23:01 IST" skipped="0">
  <testcase classname="api.test.UserTests" name="testPostUser" time="4.242"/>
  <system-out/>
  <testcase classname="api.test.UserTests" name="testGetUserByName" time="1.511"/>
  <system-out/>
  <testcase classname="api.test.UserTests" name="testUpdateUserByName" time="3.326"/>
  <system-out/>
  <testcase classname="api.test.UserTests" name="testDeleteUserByName" time="1.530"/>
  <system-out/>
</testsuite> <!-- api.test.UserTests -->
