<?xml version="1.0" encoding="UTF-8"?>
<!-- Generated by org.testng.reporters.JUnitReportReporter -->
<testsuite hostname="Vivek" failures="0" tests="6" name="api.test.DDTests" time="9.114" errors="0" timestamp="2024-04-04T12:03:55 IST" skipped="0">
  <testcase classname="api.test.DDTests" name="testPostuser" time="1.458"/>
  <system-out/>
  <testcase classname="api.test.DDTests" name="testPostuser" time="1.537"/>
  <system-out/>
  <testcase classname="api.test.DDTests" name="testPostuser" time="1.549"/>
  <system-out/>
  <testcase classname="api.test.DDTests" name="testDeleteUserByName" time="1.531"/>
  <system-out/>
  <testcase classname="api.test.DDTests" name="testDeleteUserByName" time="1.533"/>
  <system-out/>
  <testcase classname="api.test.DDTests" name="testDeleteUserByName" time="1.506"/>
  <system-out/>
</testsuite> <!-- api.test.DDTests -->
