<?xml version="1.0" encoding="UTF-8"?>
<!-- Generated by org.testng.reporters.JUnitReportReporter -->
<testsuite hostname="Vivek" failures="0" tests="4" name="api.test.UserTests2" time="8.612" errors="0" timestamp="2024-04-05T09:51:54 IST" skipped="0">
  <testcase classname="api.test.UserTests2" name="testPostUser" time="3.258"/>
  <system-out/>
  <testcase classname="api.test.UserTests2" name="testGetUserByName" time="1.352"/>
  <system-out/>
  <testcase classname="api.test.UserTests2" name="testUpdateUserByName" time="2.558"/>
  <system-out/>
  <testcase classname="api.test.UserTests2" name="testDeleteUserByName" time="1.444"/>
  <system-out/>
</testsuite> <!-- api.test.UserTests2 -->
