<?xml version="1.0" encoding="UTF-8"?>
<!-- Generated by org.testng.reporters.JUnitReportReporter -->
<testsuite hostname="Vivek" failures="0" tests="4" name="api.test.UserTests2" time="8.316" errors="0" timestamp="2024-04-05T10:30:19 IST" skipped="0">
  <testcase classname="api.test.UserTests2" name="testPostUser" time="3.291"/>
  <system-out/>
  <testcase classname="api.test.UserTests2" name="testGetUserByName" time="1.241"/>
  <system-out/>
  <testcase classname="api.test.UserTests2" name="testUpdateUserByName" time="2.493"/>
  <system-out/>
  <testcase classname="api.test.UserTests2" name="testDeleteUserByName" time="1.291"/>
  <system-out/>
</testsuite> <!-- api.test.UserTests2 -->
