<?xml version="1.0" encoding="UTF-8"?>
<!-- Generated by org.testng.reporters.JUnitReportReporter -->
<testsuite hostname="Vivek" failures="0" tests="4" name="api.test.UserTests2" time="7.771" errors="0" timestamp="2024-04-06T09:28:16 IST" skipped="0">
  <testcase classname="api.test.UserTests2" name="testPostUser" time="2.832"/>
  <system-out/>
  <testcase classname="api.test.UserTests2" name="testGetUserByName" time="1.251"/>
  <system-out/>
  <testcase classname="api.test.UserTests2" name="testUpdateUserByName" time="2.469"/>
  <system-out/>
  <testcase classname="api.test.UserTests2" name="testDeleteUserByName" time="1.219"/>
  <system-out/>
</testsuite> <!-- api.test.UserTests2 -->
